生成启动时间为 2016/4/29 20:09:54。
     1>项目“C:\Users\user\Desktop\VS写过的程序\CalculateProcess\CalculateProcess\CalculateProcess.vcxproj”在节点 2 上(Build 个目标)。
     1>ClCompile:
         E:\Program Files\Microsoft Visual Studio 12.0\VC\bin\CL.exe /c /ZI /nologo /W3 /WX- /sdl /Od /Oy- /D WIN32 /D _DEBUG /D _CONSOLE /D _LIB /D _CRT_SECURE_NO_WARNINGS /D _UNICODE /D UNICODE /Gm /EHsc /RTC1 /MDd /GS /fp:precise /Zc:wchar_t /Zc:forScope /Yu"stdafx.h" /Fp"Debug\CalculateProcess.pch" /Fo"Debug\\" /Fd"Debug\vc120.pdb" /Gd /TP /analyze- /errorReport:prompt CalculateProcess.cpp sub_94180.cpp
         sub_94180.cpp
     1>c:\users\user\desktop\vs写过的程序\calculateprocess\calculateprocess\sub_94180.cpp(155): warning C4101: “v42”: 未引用的局部变量
         CalculateProcess.cpp
         正在生成代码...
       Link:
         E:\Program Files\Microsoft Visual Studio 12.0\VC\bin\link.exe /ERRORREPORT:PROMPT /OUT:"C:\Users\user\Desktop\VS写过的程序\CalculateProcess\Debug\CalculateProcess.exe" /INCREMENTAL /NOLOGO kernel32.lib user32.lib gdi32.lib winspool.lib comdlg32.lib advapi32.lib shell32.lib ole32.lib oleaut32.lib uuid.lib odbc32.lib odbccp32.lib /MANIFEST /MANIFESTUAC:"level='asInvoker' uiAccess='false'" /manifest:embed /DEBUG /PDB:"C:\Users\user\Desktop\VS写过的程序\CalculateProcess\Debug\CalculateProcess.pdb" /SUBSYSTEM:CONSOLE /TLBID:1 /DYNAMICBASE /NXCOMPAT /IMPLIB:"C:\Users\user\Desktop\VS写过的程序\CalculateProcess\Debug\CalculateProcess.lib" /MACHINE:X86 Debug\MyUtil.obj
         Debug\new_base64.obj
         "Debug\sub_50EAC-未完.obj"
         Debug\CalculateProcess.obj
         Debug\generate_url_token.obj
         Debug\keygen.obj
         Debug\md5.obj
         Debug\SecondChangeString.obj
         Debug\stdafx.obj
         Debug\sub_5085C.obj
         Debug\sub_94180.obj
         Debug\Sub_F128.obj
         CalculateProcess.vcxproj -> C:\Users\user\Desktop\VS写过的程序\CalculateProcess\Debug\CalculateProcess.exe
     1>已完成生成项目“C:\Users\user\Desktop\VS写过的程序\CalculateProcess\CalculateProcess\CalculateProcess.vcxproj”(Build 个目标)的操作。

生成成功。

已用时间 00:00:00.77
