c:\users\user\desktop\未完的-写过的程序\calculateprocess\calculateprocess\debug\calculateprocess.pch
c:\users\user\desktop\未完的-写过的程序\calculateprocess\calculateprocess\debug\vc120.pdb
c:\users\user\desktop\未完的-写过的程序\calculateprocess\calculateprocess\debug\vc120.idb
c:\users\user\desktop\未完的-写过的程序\calculateprocess\calculateprocess\debug\stdafx.obj
c:\users\user\desktop\未完的-写过的程序\calculateprocess\calculateprocess\debug\tast.obj
c:\users\user\desktop\未完的-写过的程序\calculateprocess\calculateprocess\debug\sub_50eac-未完.obj
c:\users\user\desktop\未完的-写过的程序\calculateprocess\calculateprocess\debug\calculateprocess.obj
c:\users\user\desktop\未完的-写过的程序\calculateprocess\calculateprocess\debug\generate_url_token.obj
c:\users\user\desktop\未完的-写过的程序\calculateprocess\calculateprocess\debug\keygen.obj
c:\users\user\desktop\未完的-写过的程序\calculateprocess\calculateprocess\debug\md5.obj
c:\users\user\desktop\未完的-写过的程序\calculateprocess\calculateprocess\debug\secondchangestring.obj
c:\users\user\desktop\未完的-写过的程序\calculateprocess\calculateprocess\debug\sub_5085c.obj
c:\users\user\desktop\未完的-写过的程序\calculateprocess\calculateprocess\debug\sub_f128.obj
c:\users\user\desktop\未完的-写过的程序\calculateprocess\debug\calculateprocess.ilk
c:\users\user\desktop\未完的-写过的程序\calculateprocess\debug\calculateprocess.exe
c:\users\user\desktop\未完的-写过的程序\calculateprocess\debug\calculateprocess.pdb
c:\users\user\desktop\未完的-写过的程序\calculateprocess\calculateprocess\debug\calculateprocess.tlog\cl.command.1.tlog
c:\users\user\desktop\未完的-写过的程序\calculateprocess\calculateprocess\debug\calculateprocess.tlog\cl.read.1.tlog
c:\users\user\desktop\未完的-写过的程序\calculateprocess\calculateprocess\debug\calculateprocess.tlog\cl.write.1.tlog
c:\users\user\desktop\未完的-写过的程序\calculateprocess\calculateprocess\debug\calculateprocess.tlog\link.command.1.tlog
c:\users\user\desktop\未完的-写过的程序\calculateprocess\calculateprocess\debug\calculateprocess.tlog\link.read.1.tlog
c:\users\user\desktop\未完的-写过的程序\calculateprocess\calculateprocess\debug\calculateprocess.tlog\link.write.1.tlog
